INFO	2024/06/07 15:08:24 main.go:91: Starting server on :4000
INFO	2024/06/07 15:08:58 middleware.go:32: [::1]:60229 - HTTP/1.1 GET /home
INFO	2024/06/07 15:08:58 middleware.go:32: [::1]:60229 - HTTP/1.1 GET /favicon.ico
ain.css
INFO	2024/06/07 15:07:10 middleware.go:32: [::1]:60222 - HTTP/1.1 GET /favicon.ico
INFO	2024/06/07 15:07:44 middleware.go:32: [::1]:60222 - HTTP/1.1 GET /home
INFO	2024/06/07 15:07:44 middleware.go:32: [::1]:60222 - HTTP/1.1 GET /user/login
INFO	2024/06/07 15:07:44 middleware.go:32: [::1]:60222 - HTTP/1.1 GET /favicon.ico
INFO	2024/06/07 15:07:55 middleware.go:32: [::1]:60222 - HTTP/1.1 POST /user/login
INFO	2024/06/07 15:07:55 middleware.go:32: [::1]:60222 - HTTP/1.1 GET /home
INFO	2024/06/07 15:07:55 middleware.go:32: [::1]:60222 - HTTP/1.1 GET /favicon.ico
INFO	2024/06/07 15:07:58 middleware.go:32: [::1]:60222 - HTTP/1.1 GET /home
INFO	2024/06/07 15:07:58 middleware.go:32: [::1]:60222 - HTTP/1.1 GET /static/css/main.css
INFO	2024/06/07 15:07:58 middleware.go:32: [::1]:60222 - HTTP/1.1 GET /favicon.ico
INFO	2024/06/07 15:07:59 middleware.go:32: [::1]:60222 - HTTP/1.1 GET /home
INFO	2024/06/07 15:07:59 middleware.go:32: [::1]:60222 - HTTP/1.1 GET /static/css/main.css
INFO	2024/06/07 15:07:59 middleware.go:32: [::1]:60222 - HTTP/1.1 GET /favicon.ico

NFO	2024/06/07 14:51:30 middleware.go:32: [::1]:60168 - HTTP/1.1 GET /home
INFO	2024/06/07 14:51:30 middleware.go:32: [::1]:60168 - HTTP/1.1 GET /favicon.ico
INFO	2024/06/07 14:51:47 middleware.go:32: [::1]:60168 - HTTP/1.1 GET /home
INFO	2024/06/07 14:51:47 middleware.go:32: [::1]:60168 - HTTP/1.1 GET /static/css/main.css
INFO	2024/06/07 14:51:47 middleware.go:32: [::1]:60168 - HTTP/1.1 GET /favicon.ico
INFO	2024/06/07 14:51:49 middleware.go:32: [::1]:60168 - HTTP/1.1 GET /home
INFO	2024/06/07 14:51:49 middleware.go:32: [::1]:60168 - HTTP/1.1 GET /favicon.ico
INFO	2024/06/07 14:51:50 middleware.go:32: [::1]:60168 - HTTP/1.1 GET /home
INFO	2024/06/07 14:51:50 middleware.go:32: [::1]:60168 - HTTP/1.1 GET /static/css/main.css
INFO	2024/06/07 14:51:50 middleware.go:32: [::1]:60168 - HTTP/1.1 GET /favicon.ico
INFO	2024/06/07 14:51:50 middleware.go:32: [::1]:60168 - HTTP/1.1 GET /home
INFO	2024/06/07 14:51:50 middleware.go:32: [::1]:60168 - HTTP/1.1 GET /static/css/main.css
INFO	2024/06/07 14:51:50 middleware.go:32: [::1]:60168 - HTTP/1.1 GET /favicon.ico
INFO	2024/06/07 14:51:51 middleware.go:32: [::1]:60168 - HTTP/1.1 GET /home
INFO	2024/06/07 14:51:51 middleware.go:32: [::1]:60168 - HTTP/1.1 GET /static/css/main.css
INFO	2024/06/07 14:51:51 middleware.go:32: [::1]:60168 - HTTP/1.1 GET /favicon.ico
INFO	2024/06/07 14:51:51 middleware.go:32: [::1]:60168 - HTTP/1.1 GET /home
INFO	2024/06/07 14:51:51 middleware.go:32: [::1]:60168 - HTTP/1.1 GET /static/css/main.css
INFO	2024/06/07 14:51:51 middleware.go:32: [::1]:60168 - HTTP/1.1 GET /favicon.ico
INFO	2024/06/07 14:52:27 middleware.go:32: [::1]:60168 - HTTP/1.1 GET /home
INFO	2024/06/07 14:52:27 middleware.go:32: [::1]:60168 - HTTP/1.1 GET /static/css/main.css
INFO	2024/06/07 14:52:27 middleware.go:32: [::1]:60168 - HTTP/1.1 GET /favicon.ico
INFO	2024/06/07 14:52:28 middleware.go:32: [::1]:60168 - HTTP/1.1 GET /home
INFO	2024/06/07 14:52:28 middleware.go:32: [::1]:60168 - HTTP/1.1 GET /static/css/main.css
INFO	2024/06/07 14:52:28 middleware.go:32: [::1]:60168 - HTTP/1.1 GET /favicon.ico
INFO	2024/06/07 14:52:29 middleware.go:32: [::1]:60168 - HTTP/1.1 GET /home
INFO	2024/06/07 14:52:29 middleware.go:32: [::1]:60168 - HTTP/1.1 GET /static/css/main.css
INFO	2024/06/07 14:52:29 middleware.go:32: [::1]:60168 - HTTP/1.1 GET /favicon.ico
INFO	2024/06/07 14:52:29 middleware.go:32: [::1]:60168 - HTTP/1.1 GET /home
INFO	2024/06/07 14:52:29 middleware.go:32: [::1]:60168 - HTTP/1.1 GET /static/css/main.css
INFO	2024/06/07 14:52:29 middleware.go:32: [::1]:60168 - HTTP/1.1 GET /favicon.ico
INFO	2024/06/07 14:52:29 middleware.go:32: [::1]:60168 - HTTP/1.1 GET /home
INFO	2024/06/07 14:52:29 middleware.go:32: [::1]:60168 - HTTP/1.1 GET /static/css/main.css
INFO	2024/06/07 14:52:29 middleware.go:32: [::1]:60168 - HTTP/1.1 GET /favicon.ico
me
INFO	2024/06/07 14:46:35 middleware.go:32: [::1]:60144 - HTTP/1.1 GET /static/css/main.css
INFO	2024/06/07 14:46:35 middleware.go:32: [::1]:60144 - HTTP/1.1 GET /favicon.ico
INFO	2024/06/07 14:46:35 middleware.go:32: [::1]:60144 - HTTP/1.1 GET /home
INFO	2024/06/07 14:46:35 middleware.go:32: [::1]:60144 - HTTP/1.1 GET /static/css/main.css
INFO	2024/06/07 14:46:35 middleware.go:32: [::1]:60144 - HTTP/1.1 GET /favicon.ico
INFO	2024/06/07 14:46:35 middleware.go:32: [::1]:60144 - HTTP/1.1 GET /home
INFO	2024/06/07 14:46:35 middleware.go:32: [::1]:60144 - HTTP/1.1 GET /static/css/main.css
INFO	2024/06/07 14:46:35 middleware.go:32: [::1]:60144 - HTTP/1.1 GET /favicon.ico
INFO	2024/06/07 14:46:35 middleware.go:32: [::1]:60144 - HTTP/1.1 GET /home
INFO	2024/06/07 14:46:35 middleware.go:32: [::1]:60144 - HTTP/1.1 GET /static/css/main.css
INFO	2024/06/07 14:46:35 middleware.go:32: [::1]:60144 - HTTP/1.1 GET /favicon.ico
INFO	2024/06/07 14:46:47 middleware.go:32: [::1]:60144 - HTTP/1.1 GET /home
INFO	2024/06/07 14:46:47 middleware.go:32: [::1]:60144 - HTTP/1.1 GET /static/css/main.css
INFO	2024/06/07 14:46:47 middleware.go:32: [::1]:60144 - HTTP/1.1 GET /favicon.ico
INFO	2024/06/07 14:46:48 middleware.go:32: [::1]:60144 - HTTP/1.1 GET /home
INFO	2024/06/07 14:46:48 middleware.go:32: [::1]:60144 - HTTP/1.1 GET /static/css/main.css
INFO	2024/06/07 14:46:48 middleware.go:32: [::1]:60144 - HTTP/1.1 GET /favicon.ico
INFO	2024/06/07 14:46:48 middleware.go:32: [::1]:60144 - HTTP/1.1 GET /home
INFO	2024/06/07 14:46:48 middleware.go:32: [::1]:60144 - HTTP/1.1 GET /static/css/main.css
INFO	2024/06/07 14:46:48 middleware.go:32: [::1]:60144 - HTTP/1.1 GET /favicon.ico
INFO	2024/06/07 14:46:48 middleware.go:32: [::1]:60144 - HTTP/1.1 GET /home
INFO	2024/06/07 14:46:48 middleware.go:32: [::1]:60144 - HTTP/1.1 GET /static/css/main.css
INFO	2024/06/07 14:46:48 middleware.go:32: [::1]:60144 - HTTP/1.1 GET /favicon.ico
INFO	2024/06/07 14:46:48 middleware.go:32: [::1]:60144 - HTTP/1.1 GET /home
INFO	2024/06/07 14:46:48 middleware.go:32: [::1]:60144 - HTTP/1.1 GET /static/css/main.css
INFO	2024/06/07 14:46:48 middleware.go:32: [::1]:60144 - HTTP/1.1 GET /favicon.ico
INFO	2024/06/07 14:46:49 middleware.go:32: [::1]:60144 - HTTP/1.1 GET /home
INFO	2024/06/07 14:46:49 middleware.go:32: [::1]:60144 - HTTP/1.1 GET /favicon.ico
INFO	2024/06/07 14:46:49 middleware.go:32: [::1]:60144 - HTTP/1.1 GET /home
INFO	2024/06/07 14:46:49 middleware.go:32: [::1]:60144 - HTTP/1.1 GET /favicon.ico
INFO	2024/06/07 14:46:49 middleware.go:32: [::1]:60144 - HTTP/1.1 GET /home
INFO	2024/06/07 14:46:49 middleware.go:32: [::1]:60144 - HTTP/1.1 GET /favicon.ico
INFO	2024/06/07 14:46:49 middleware.go:32: [::1]:60144 - HTTP/1.1 GET /home
INFO	2024/06/07 14:46:49 middleware.go:32: [::1]:60144 - HTTP/1.1 GET /favicon.ico
INFO	2024/06/07 14:46:49 middleware.go:32: [::1]:60144 - HTTP/1.1 GET /home
INFO	2024/06/07 14:46:50 middleware.go:32: [::1]:60144 - HTTP/1.1 GET /favicon.ico
INFO	2024/06/07 14:46:50 middleware.go:32: [::1]:60144 - HTTP/1.1 GET /home
INFO	2024/06/07 14:46:50 middleware.go:32: [::1]:60144 - HTTP/1.1 GET /favicon.ico
INFO	2024/06/07 14:46:52 middleware.go:32: [::1]:60144 - HTTP/1.1 GET /
INFO	2024/06/07 14:46:53 middleware.go:32: [::1]:60144 - HTTP/1.1 GET /favicon.ico
INFO	2024/06/07 14:46:58 middleware.go:32: [::1]:60144 - HTTP/1.1 POST /user/login
INFO	2024/06/07 14:46:59 middleware.go:32: [::1]:60144 - HTTP/1.1 GET /home
INFO	2024/06/07 14:46:59 middleware.go:32: [::1]:60144 - HTTP/1.1 GET /favicon.ico
INFO	2024/06/07 14:47:03 middleware.go:32: [::1]:60144 - HTTP/1.1 GET /home
INFO	2024/06/07 14:47:03 middleware.go:32: [::1]:60144 - HTTP/1.1 GET /static/css/main.css
INFO	2024/06/07 14:47:03 middleware.go:32: [::1]:60144 - HTTP/1.1 GET /favicon.ico
INFO	2024/06/07 14:47:03 middleware.go:32: [::1]:60144 - HTTP/1.1 GET /home
INFO	2024/06/07 14:47:03 middleware.go:32: [::1]:60144 - HTTP/1.1 GET /static/css/main.css
INFO	2024/06/07 14:47:03 middleware.go:32: [::1]:60144 - HTTP/1.1 GET /favicon.ico
INFO	2024/06/07 14:48:23 middleware.go:32: [::1]:60144 - HTTP/1.1 GET /home
INFO	2024/06/07 14:48:23 middleware.go:32: [::1]:60144 - HTTP/1.1 GET /user/login
INFO	2024/06/07 14:48:23 middleware.go:32: [::1]:60144 - HTTP/1.1 GET /static/css/main.css
INFO	2024/06/07 14:48:23 middleware.go:32: [::1]:60144 - HTTP/1.1 GET /favicon.ico
INFO	2024/06/07 14:48:52 middleware.go:32: [::1]:60144 - HTTP/1.1 POST /user/login
INFO	2024/06/07 14:48:52 middleware.go:32: [::1]:60144 - HTTP/1.1 GET /home
INFO	2024/06/07 14:48:52 middleware.go:32: [::1]:60144 - HTTP/1.1 GET /static/css/main.css
INFO	2024/06/07 14:48:52 middleware.go:32: [::1]:60144 - HTTP/1.1 GET /favicon.ico
INFO	2024/06/07 14:49:03 middleware.go:32: [::1]:60144 - HTTP/1.1 GET /home
INFO	2024/06/07 14:49:03 middleware.go:32: [::1]:60144 - HTTP/1.1 GET /static/css/main.css
INFO	2024/06/07 14:49:03 middleware.go:32: [::1]:60144 - HTTP/1.1 GET /favicon.ico
INFO	2024/06/07 14:49:04 middleware.go:32: [::1]:60144 - HTTP/1.1 GET /home
INFO	2024/06/07 14:49:04 middleware.go:32: [::1]:60144 - HTTP/1.1 GET /static/css/main.css
INFO	2024/06/07 14:49:04 middleware.go:32: [::1]:60144 - HTTP/1.1 GET /favicon.ico
INFO	2024/06/07 14:49:04 middleware.go:32: [::1]:60144 - HTTP/1.1 GET /home
INFO	2024/06/07 14:49:04 middleware.go:32: [::1]:60144 - HTTP/1.1 GET /static/css/main.css
INFO	2024/06/07 14:49:04 middleware.go:32: [::1]:60144 - HTTP/1.1 GET /favicon.ico
TTP/1.1 POST /delete
INFO	2024/06/06 12:03:21 middleware.go:30: [::1]:60795 - HTTP/1.1 GET /
INFO	2024/06/06 12:03:21 middleware.go:30: [::1]:60795 - HTTP/1.1 POST /delete
INFO	2024/06/06 12:03:21 middleware.go:30: [::1]:60795 - HTTP/1.1 GET /
INFO	2024/06/06 12:03:21 middleware.go:30: [::1]:60795 - HTTP/1.1 POST /delete
INFO	2024/06/06 12:03:21 middleware.go:30: [::1]:60795 - HTTP/1.1 GET /
INFO	2024/06/06 12:03:24 middleware.go:30: [::1]:60795 - HTTP/1.1 POST /addTasks
INFO	2024/06/06 12:03:24 middleware.go:30: [::1]:60795 - HTTP/1.1 GET /
INFO	2024/06/06 12:04:20 middleware.go:30: [::1]:60795 - HTTP/1.1 POST /addTasks
INFO	2024/06/06 12:04:20 middleware.go:30: [::1]:60795 - HTTP/1.1 GET /
INFO	2024/06/06 12:04:23 middleware.go:30: [::1]:60795 - HTTP/1.1 POST /addTasks
INFO	2024/06/06 12:04:23 middleware.go:30: [::1]:60795 - HTTP/1.1 GET /
INFO	2024/06/06 12:05:22 middleware.go:30: [::1]:60795 - HTTP/1.1 POST /addTasks
INFO	2024/06/06 12:05:22 middleware.go:30: [::1]:60795 - HTTP/1.1 GET /
INFO	2024/06/06 12:05:25 middleware.go:30: [::1]:60795 - HTTP/1.1 POST /addTasks
INFO	2024/06/06 12:05:25 middleware.go:30: [::1]:60795 - HTTP/1.1 GET /
